<?xml version="1.0" encoding="UTF-8"?>
<testng-results ignored="0" total="2" passed="2" failed="0" skipped="0">
  <reporter-output>
  </reporter-output>
  <suite started-at="2021-04-17T12:21:01Z" name="Default suite" finished-at="2021-04-17T12:22:30Z" duration-ms="88452">
    <groups>
    </groups>
    <test started-at="2021-04-17T12:21:01Z" name="Default test" finished-at="2021-04-17T12:22:30Z" duration-ms="88452">
      <class name="io.vinam.AutomationCreation">
        <test-method is-config="true" signature="setUp(java.lang.String)[pri:0, instance:io.vinam.AutomationCreation@6b4a4e18]" started-at="2021-04-17T12:21:02Z" name="setUp" finished-at="2021-04-17T12:21:10Z" duration-ms="8286" status="PASS">
          <params>
            <param index="0">
              <value>
                <![CDATA[SIT]]>
              </value>
            </param>
          </params>
          <reporter-output>
          </reporter-output>
        </test-method> <!-- setUp -->
        <test-method signature="Automation(java.lang.String, java.lang.String, java.lang.String, java.lang.String)[pri:0, instance:io.vinam.AutomationCreation@6b4a4e18]" started-at="2021-04-17T12:21:10Z" name="Automation" data-provider="AutomationCreation" finished-at="2021-04-17T12:21:43Z" duration-ms="33044" status="PASS">
          <params>
            <param index="0">
              <value>
                <![CDATA[Nathe]]>
              </value>
            </param>
            <param index="1">
              <value>
                <![CDATA[ABCDE]]>
              </value>
            </param>
            <param index="2">
              <value>
                <![CDATA[abcde]]>
              </value>
            </param>
            <param index="3">
              <value>
                <![CDATA[Vaibhav]]>
              </value>
            </param>
          </params>
          <reporter-output>
          </reporter-output>
        </test-method> <!-- Automation -->
        <test-method is-config="true" signature="setUp(java.lang.String)[pri:0, instance:io.vinam.AutomationCreation@6b4a4e18]" started-at="2021-04-17T12:21:43Z" name="setUp" finished-at="2021-04-17T12:21:58Z" duration-ms="14955" status="PASS">
          <params>
            <param index="0">
              <value>
                <![CDATA[SIT]]>
              </value>
            </param>
          </params>
          <reporter-output>
          </reporter-output>
        </test-method> <!-- setUp -->
        <test-method signature="Automation(java.lang.String, java.lang.String, java.lang.String, java.lang.String)[pri:0, instance:io.vinam.AutomationCreation@6b4a4e18]" started-at="2021-04-17T12:21:58Z" name="Automation" data-provider="AutomationCreation" finished-at="2021-04-17T12:22:30Z" duration-ms="31734" status="PASS">
          <params>
            <param index="0">
              <value>
                <![CDATA[Nathe1]]>
              </value>
            </param>
            <param index="1">
              <value>
                <![CDATA[ABCDE]]>
              </value>
            </param>
            <param index="2">
              <value>
                <![CDATA[abcde]]>
              </value>
            </param>
            <param index="3">
              <value>
                <![CDATA[Vaibhav]]>
              </value>
            </param>
          </params>
          <reporter-output>
          </reporter-output>
        </test-method> <!-- Automation -->
      </class> <!-- io.vinam.AutomationCreation -->
    </test> <!-- Default test -->
  </suite> <!-- Default suite -->
</testng-results>
